#-----------------------------------------------------------
# PlanAhead v14.7 (64-bit)
# Build 321239 by xbuild on Fri Sep 27 19:29:51 MDT 2013
# Start of session at: Mon Jan 25 11:22:12 2021
# Process ID: 14548
# Log file: D:/ISE 14.7 PROJECT/ise 14.7/BCDtoSevensegmentdisplay/planAhead_run_1/planAhead.log
# Journal file: D:/ISE 14.7 PROJECT/ise 14.7/BCDtoSevensegmentdisplay/planAhead_run_1/planAhead.jou
#-----------------------------------------------------------
INFO: [Common 17-78] Attempting to get a license: PlanAhead
INFO: [Common 17-290] Got license for PlanAhead
INFO: [Common 17-86] Your PlanAhead license expires in -56 day(s)
INFO: [Device 21-36] Loading parts and site information from C:/xilinx/14.7/ISE_DS/PlanAhead/data/parts/arch.xml
Parsing RTL primitives file [C:/xilinx/14.7/ISE_DS/PlanAhead/data/parts/xilinx/rtl/prims/rtl_prims.xml]
Finished parsing RTL primitives file [C:/xilinx/14.7/ISE_DS/PlanAhead/data/parts/xilinx/rtl/prims/rtl_prims.xml]
start_gui
source {D:/ISE 14.7 PROJECT/ise 14.7/BCDtoSevensegmentdisplay/pa.fromHdl.tcl}
# create_project -name BCDtoSevensegmentdisplay -dir "D:/ISE 14.7 PROJECT/ise 14.7/BCDtoSevensegmentdisplay/planAhead_run_2" -part xc6slx9tqg144-2
# set_param project.pinAheadLayout yes
# set srcset [get_property srcset [current_run -impl]]
# set_property target_constrs_file "bcd.ucf" [current_fileset -constrset]
Adding file 'D:/ISE 14.7 PROJECT/ise 14.7/BCDtoSevensegmentdisplay/bcd.ucf' to fileset 'constrs_1'
# set hdlfile [add_files [list {bcd.vhd}]]
# set_property file_type VHDL $hdlfile
# set_property library work $hdlfile
# set_property top bcd $srcset
# add_files [list {bcd.ucf}] -fileset [get_property constrset [current_run]]
# open_rtl_design -part xc6slx9tqg144-2
Using Verific elaboration
Parsing VHDL file "C:/xilinx/14.7/ISE_DS/PlanAhead/data/parts/xilinx/rtl/lib/synplify/synattr.vhd" into library synplify
Parsing VHDL file "C:/xilinx/14.7/ISE_DS/PlanAhead/data/parts/xilinx/rtl/lib/synplify/synattr.vhd" into library synplify
Parsing VHDL file "D:/ISE 14.7 PROJECT/ise 14.7/BCDtoSevensegmentdisplay/bcd.vhd" into library work
Loading clock regions from C:/xilinx/14.7/ISE_DS/PlanAhead/data\parts/xilinx/spartan6/spartan6lx/xc6slx9/ClockRegion.xml
Loading clock buffers from C:/xilinx/14.7/ISE_DS/PlanAhead/data\parts/xilinx/spartan6/spartan6lx/xc6slx9/ClockBuffers.xml
Loading package pin functions from C:/xilinx/14.7/ISE_DS/PlanAhead/data\parts/xilinx/spartan6/PinFunctions.xml...
Loading package from C:/xilinx/14.7/ISE_DS/PlanAhead/data\parts/xilinx/spartan6/spartan6lx/xc6slx9/tqg144/Package.xml
Loading io standards from C:/xilinx/14.7/ISE_DS/PlanAhead/data\./parts/xilinx/spartan6/IOStandards.xml
Loading device configuration modes from C:/xilinx/14.7/ISE_DS/PlanAhead/data\parts/xilinx/spartan6/ConfigModes.xml
Loading list of drcs for the architecture : C:/xilinx/14.7/ISE_DS/PlanAhead/data\./parts/xilinx/spartan6/drc.xml
Parsing UCF File [D:/ISE 14.7 PROJECT/ise 14.7/BCDtoSevensegmentdisplay/bcd.ucf]
Finished Parsing UCF File [D:/ISE 14.7 PROJECT/ise 14.7/BCDtoSevensegmentdisplay/bcd.ucf]
INFO: [Project 1-111] Unisim Transformation Summary:
No Unisim elements were transformed.

Phase 0 | Netlist Checksum: 52132122
open_rtl_design: Time (s): elapsed = 00:00:10 . Memory (MB): peak = 728.887 ; gain = 176.902
update_compile_order -fileset sim_1
startgroup
set_property package_pin P143 [get_ports {Seven_Segment[7]}]
endgroup
startgroup
set_property package_pin P142 [get_ports {Seven_Segment[6]}]
endgroup
startgroup
set_property package_pin P143 [get_ports {Seven_Segment[7]}]
endgroup
exit
ERROR: [PlanAhead 12-106] *** Exception: ui.h.b: Found deleted key in HTclEventBroker. Verify if the classes listed here call cleanup()
HTclEvent: SIGNAL_MODIFY   Classes: ui.views.aR 
HTclEvent: SIGNAL_BUS_MODIFY   Classes: ui.views.aR 
HTclEvent: DEBUG_CORE_CONFIG_CHANGE   Classes: ui.views.aR 
HTclEvent: DEBUG_PORT_CONFIG_CHANGE   Classes: ui.views.aR 
 (See D:/ISE 14.7 PROJECT/ise 14.7/BCDtoSevensegmentdisplay\planAhead_pid14548.debug)
ERROR: [Common 17-39] 'stop_gui' failed due to earlier errors.
INFO: [Common 17-206] Exiting PlanAhead at Mon Jan 25 11:26:16 2021...
INFO: [Common 17-83] Releasing license: PlanAhead
