#-----------------------------------------------------------
# PlanAhead v14.7 (64-bit)
# Build 321239 by xbuild on Fri Sep 27 19:29:51 MDT 2013
# Start of session at: Mon Jan 25 11:22:16 2021
# Process ID: 5660
# Log file: D:/ISE 14.7 PROJECT/ise 14.7/BCDtoSevensegmentdisplay/planAhead_run_2/planAhead.log
# Journal file: D:/ISE 14.7 PROJECT/ise 14.7/BCDtoSevensegmentdisplay/planAhead_run_2/planAhead.jou
#-----------------------------------------------------------
INFO: [Common 17-78] Attempting to get a license: PlanAhead
INFO: [Common 17-290] Got license for PlanAhead
INFO: [Common 17-86] Your PlanAhead license expires in -56 day(s)
INFO: [Device 21-36] Loading parts and site information from C:/xilinx/14.7/ISE_DS/PlanAhead/data/parts/arch.xml
Parsing RTL primitives file [C:/xilinx/14.7/ISE_DS/PlanAhead/data/parts/xilinx/rtl/prims/rtl_prims.xml]
Finished parsing RTL primitives file [C:/xilinx/14.7/ISE_DS/PlanAhead/data/parts/xilinx/rtl/prims/rtl_prims.xml]
start_gui
source {D:/ISE 14.7 PROJECT/ise 14.7/BCDtoSevensegmentdisplay/pa.fromHdl.tcl}
# create_project -name BCDtoSevensegmentdisplay -dir "D:/ISE 14.7 PROJECT/ise 14.7/BCDtoSevensegmentdisplay/planAhead_run_2" -part xc6slx9tqg144-2
ERROR: [Common 17-53] User Exception: Project already exists on disk, please use '-force' option to overwrite: 
     D:/ISE 14.7 PROJECT/ise 14.7/BCDtoSevensegmentdisplay/planAhead_run_2/BCDtoSevensegmentdisplay.ppr
     D:/ISE 14.7 PROJECT/ise 14.7/BCDtoSevensegmentdisplay/planAhead_run_2/BCDtoSevensegmentdisplay.data

    while executing
"create_project -name BCDtoSevensegmentdisplay -dir "D:/ISE 14.7 PROJECT/ise 14.7/BCDtoSevensegmentdisplay/planAhead_run_2" -part xc6slx9tqg144-2"
    (file "D:/ISE 14.7 PROJECT/ise 14.7/BCDtoSevensegmentdisplay/pa.fromHdl.tcl" line 4)
exit
INFO: [Common 17-206] Exiting PlanAhead at Mon Jan 25 11:24:37 2021...
INFO: [Common 17-83] Releasing license: PlanAhead
